#
# There is insufficient memory for the Java Runtime Environment to continue.
# Native memory allocation (mmap) failed to map 257949696 bytes for G1 virtual space
# Possible reasons:
#   The system is out of physical RAM or swap space
#   The process is running with CompressedOops enabled, and the Java Heap may be blocking the growth of the native heap
# Possible solutions:
#   Reduce memory load on the system
#   Increase physical memory or swap space
#   Check if swap backing store is full
#   Decrease Java heap size (-Xmx/-Xms)
#   Decrease number of Java threads
#   Decrease Java thread stack sizes (-Xss)
#   Set larger code cache with -XX:ReservedCodeCacheSize=
#   JVM is running with Zero Based Compressed Oops mode in which the Java heap is
#     placed in the first 32GB address space. The Java Heap base address is the
#     maximum limit for the native heap growth. Please use -XX:HeapBaseMinAddress
#     to set the Java Heap base and to place the Java Heap above 32GB virtual address.
# This output file may be truncated or incomplete.
#
#  Out of Memory Error (os_windows.cpp:3469), pid=12152, tid=1420
#
# JRE version:  (17.0.1+12) (build )
# Java VM: Java HotSpot(TM) 64-Bit Server VM (17.0.1+12-LTS-39, mixed mode, sharing, tiered, compressed oops, compressed class ptrs, g1 gc, windows-amd64)
# No core dump will be written. Minidumps are not enabled by default on client versions of Windows
#

---------------  S U M M A R Y ------------

Command Line: -javaagent:C:\Program Files\JetBrains\IntelliJ IDEA 2021.3\lib\idea_rt.jar=50600:C:\Program Files\JetBrains\IntelliJ IDEA 2021.3\bin -Dfile.encoding=UTF-8 MyFirstProgram

Host: AMD Ryzen 5 5500U with Radeon Graphics         , 12 cores, 15G,  Windows 10 , 64 bit Build 19041 (10.0.19041.1202)
Time: Mon Dec 13 23:39:45 2021 RTZ 2 (s 10 , 64 bit Build 19041 (10.0.19041.1202) elapsed time: 0.027621 seconds (0d 0h 0m 0s)

---------------  T H R E A D  ---------------

Current thread (0x000001cc397c0ae0):  JavaThread "Unknown thread" [_thread_in_vm, id=1420, stack(0x000000c44a600000,0x000000c44a700000)]

Stack: [0x000000c44a600000,0x000000c44a700000]
Native frames: (J=compiled Java code, j=interpreted, Vv=VM code, C=native code)
V  [jvm.dll+0x66fa1a]
V  [jvm.dll+0x7ce5a4]
V  [jvm.dll+0x7cfd4e]
V  [jvm.dll+0x7d03b3]
V  [jvm.dll+0x242b05]
V  [jvm.dll+0x66ca39]
V  [jvm.dll+0x661502]
V  [jvm.dll+0x30081b]
V  [jvm.dll+0x307da6]
V  [jvm.dll+0x357a1e]
V  [jvm.dll+0x357c4f]
V  [jvm.dll+0x2d7ad8]
V  [jvm.dll+0x2d8a44]
V  [jvm.dll+0x7a01e1]
V  [jvm.dll+0x365791]
V  [jvm.dll+0x77f6cc]
V  [jvm.dll+0x3e812f]
V  [jvm.dll+0x3e9bd1]
C  [jli.dll+0x527b]
C  [ucrtbase.dll+0x21bb2]
C  [KERNEL32.DLL+0x17034]
C  [ntdll.dll+0x52651]


---------------  P R O C E S S  ---------------

Threads class SMR info:
_java_thread_list=0x00007ff8bfdd7818, length=0, elements={
}

Java Threads: ( => current thread )

Other Threads:
  0x000001cc3980fd50 GCTaskThread "GC Thread#0" [stack: 0x000000c44a700000,0x000000c44a800000] [id=16620]
  0x000001cc398202e0 ConcurrentGCThread "G1 Main Marker" [stack: 0x000000c44a800000,0x000000c44a900000] [id=8128]
  0x000001cc398233a0 ConcurrentGCThread "G1 Conc#0" [stack: 0x000000c44a900000,0x000000c44aa00000] [id=8524]

[error occurred during error reporting (printing all threads), id 0xc0000005, EXCEPTION_ACCESS_VIOLATION (0xc0000005) at pc=0x00007ff8bf6284b7]

VM state: not at safepoint (not fully initialized)

VM Mutex/Monitor currently owned by a thread:  ([mutex/lock_event])
[0x000001cc397bb2f0] Heap_lock - owner thread: 0x000001cc397c0ae0

Heap address: 0x000000070a800000, size: 3928 MB, Compressed Oops mode: Zero based, Oop shift amount: 3

CDS archive(s) mapped at: [0x0000000000000000-0x0000000000000000-0x0000000000000000), size 0, SharedBaseAddress: 0x0000000800000000, ArchiveRelocationMode: 0.
Narrow klass base: 0x0000000000000000, Narrow klass shift: 0, Narrow klass range: 0x0

GC Precious Log:
<Empty>

Heap:
 garbage-first heap   total 0K, used 0K [0x000000070a800000, 0x0000000800000000)
  region size 2048K, 0 young (0K), 0 survivors (0K)

[error occurred during error reporting (printing heap information), id 0xc0000005, EXCEPTION_ACCESS_VIOLATION (0xc0000005) at pc=0x00007ff8bfa08d89]

GC Heap History (0 events):
No events

Deoptimization events (0 events):
No events

Classes unloaded (0 events):
No events

Classes redefined (0 events):
No events

Internal exceptions (0 events):
No events

VM Operations (0 events):
No events

Events (1 events):
Event: 0.018 Loaded shared library C:\Program Files\Java\jdk-17.0.1\bin\java.dll


Dynamic libraries:
0x00007ff737480000 - 0x00007ff737490000 	C:\Program Files\Java\jdk-17.0.1\bin\java.exe
0x00007ff9127d0000 - 0x00007ff9129c5000 	C:\Windows\SYSTEM32\ntdll.dll
0x00007ff8e9f00000 - 0x00007ff8e9f16000 	C:\Program Files\Avast Software\Avast\aswhook.dll
0x00007ff9126d0000 - 0x00007ff91278e000 	C:\Windows\System32\KERNEL32.DLL
0x00007ff9101c0000 - 0x00007ff910489000 	C:\Windows\System32\KERNELBASE.dll
0x00007ff910720000 - 0x00007ff910820000 	C:\Windows\System32\ucrtbase.dll
0x00007ff8eddd0000 - 0x00007ff8eddea000 	C:\Program Files\Java\jdk-17.0.1\bin\VCRUNTIME140.dll
0x00007ff8edce0000 - 0x00007ff8edcf8000 	C:\Program Files\Java\jdk-17.0.1\bin\jli.dll
0x00007ff912420000 - 0x00007ff9124cc000 	C:\Windows\System32\ADVAPI32.dll
0x00007ff910830000 - 0x00007ff9108ce000 	C:\Windows\System32\msvcrt.dll
0x00007ff911640000 - 0x00007ff9116db000 	C:\Windows\System32\sechost.dll
0x00007ff9108d0000 - 0x00007ff9109fa000 	C:\Windows\System32\RPCRT4.dll
0x00007ff912520000 - 0x00007ff9126c1000 	C:\Windows\System32\USER32.dll
0x00007ff9105b0000 - 0x00007ff9105d2000 	C:\Windows\System32\win32u.dll
0x00007ff912250000 - 0x00007ff91227b000 	C:\Windows\System32\GDI32.dll
0x00007ff8fb110000 - 0x00007ff8fb3aa000 	C:\Windows\WinSxS\amd64_microsoft.windows.common-controls_6595b64144ccf1df_6.0.19041.1110_none_60b5254171f9507e\COMCTL32.dll
0x00007ff9100b0000 - 0x00007ff9101bb000 	C:\Windows\System32\gdi32full.dll
0x00007ff9104e0000 - 0x00007ff91057d000 	C:\Windows\System32\msvcp_win.dll
0x00007ff905ae0000 - 0x00007ff905aea000 	C:\Windows\SYSTEM32\VERSION.dll
0x00007ff9124f0000 - 0x00007ff912520000 	C:\Windows\System32\IMM32.DLL
0x00007ff8f5140000 - 0x00007ff8f514c000 	C:\Program Files\Java\jdk-17.0.1\bin\vcruntime140_1.dll
0x00007ff8eb490000 - 0x00007ff8eb51d000 	C:\Program Files\Java\jdk-17.0.1\bin\msvcp140.dll
0x00007ff8bf340000 - 0x00007ff8bfefe000 	C:\Program Files\Java\jdk-17.0.1\bin\server\jvm.dll
0x00007ff9121e0000 - 0x00007ff9121e8000 	C:\Windows\System32\PSAPI.DLL
0x00007ff905ab0000 - 0x00007ff905ad7000 	C:\Windows\SYSTEM32\WINMM.dll
0x00007ff9035d0000 - 0x00007ff9035d9000 	C:\Windows\SYSTEM32\WSOCK32.dll
0x00007ff912330000 - 0x00007ff91239b000 	C:\Windows\System32\WS2_32.dll
0x00007ff90ddd0000 - 0x00007ff90dde2000 	C:\Windows\SYSTEM32\kernel.appcore.dll
0x00007ff8f22a0000 - 0x00007ff8f22aa000 	C:\Program Files\Java\jdk-17.0.1\bin\jimage.dll
0x00007ff908580000 - 0x00007ff908764000 	C:\Windows\SYSTEM32\DBGHELP.DLL
0x00007ff905560000 - 0x00007ff90558c000 	C:\Windows\SYSTEM32\dbgcore.DLL
0x00007ff910690000 - 0x00007ff910713000 	C:\Windows\System32\bcryptPrimitives.dll
0x00007ff8f6780000 - 0x00007ff8f678e000 	C:\Program Files\Java\jdk-17.0.1\bin\instrument.dll
0x00007ff8ec730000 - 0x00007ff8ec755000 	C:\Program Files\Java\jdk-17.0.1\bin\java.dll

dbghelp: loaded successfully - version: 4.0.5 - missing functions: none
symbol engine: initialized successfully - sym options: 0x614 - pdb path: .;C:\Program Files\Java\jdk-17.0.1\bin;C:\Windows\SYSTEM32;C:\Program Files\Avast Software\Avast;C:\Windows\WinSxS\amd64_microsoft.windows.common-controls_6595b64144ccf1df_6.0.19041.1110_none_60b5254171f9507e;C:\Program Files\Java\jdk-17.0.1\bin\server

VM Arguments:
jvm_args: -javaagent:C:\Program Files\JetBrains\IntelliJ IDEA 2021.3\lib\idea_rt.jar=50600:C:\Program Files\JetBrains\IntelliJ IDEA 2021.3\bin -Dfile.encoding=UTF-8 
java_command: MyFirstProgram
java_class_path (initial): C:\Devel\java_pft\sandbox\out\production\classes
Launcher Type: SUN_STANDARD

[Global flags]
     intx CICompilerCount                          = 4                                         {product} {ergonomic}
     uint ConcGCThreads                            = 3                                         {product} {ergonomic}
     uint G1ConcRefinementThreads                  = 10                                        {product} {ergonomic}
   size_t G1HeapRegionSize                         = 2097152                                   {product} {ergonomic}
    uintx GCDrainStackTargetSize                   = 64                                        {product} {ergonomic}
   size_t InitialHeapSize                          = 257949696                                 {product} {ergonomic}
   size_t MarkStackSize                            = 4194304                                   {product} {ergonomic}
   size_t MaxHeapSize                              = 4118806528                                {product} {ergonomic}
   size_t MinHeapDeltaBytes                        = 2097152                                   {product} {ergonomic}
   size_t MinHeapSize                              = 8388608                                   {product} {ergonomic}
    uintx NonNMethodCodeHeapSize                   = 5839372                                {pd product} {ergonomic}
    uintx NonProfiledCodeHeapSize                  = 122909434                              {pd product} {ergonomic}
    uintx ProfiledCodeHeapSize                     = 122909434                              {pd product} {ergonomic}
    uintx ReservedCodeCacheSize                    = 251658240                              {pd product} {ergonomic}
     bool SegmentedCodeCache                       = true                                      {product} {ergonomic}
   size_t SoftMaxHeapSize                          = 4118806528                             {manageable} {ergonomic}
     bool UseCompressedClassPointers               = true                           {product lp64_product} {ergonomic}
     bool UseCompressedOops                        = true                           {product lp64_product} {ergonomic}
     bool UseG1GC                                  = true                                      {product} {ergonomic}
     bool UseLargePagesIndividualAllocation        = false                                  {pd product} {ergonomic}

Logging:
Log output configuration:
 #0: stdout all=warning uptime,level,tags
 #1: stderr all=off uptime,level,tags

Environment Variables:
JAVA_HOME=C:\Program Files\Java\jdk-17.0.1\
PATH=C:\Program Files\Java\jdk-17.0.1\\bin;C:\Program Files\Common Files\Oracle\Java\javapath;C:\Windows\system32;C:\Windows;C:\Windows\System32\Wbem;C:\Windows\System32\WindowsPowerShell\v1.0\;C:\Program Files\PuTTY\;C:\Program Files\Git\cmd;C:\Users\Dmitry\AppData\Local\Microsoft\WindowsApps;C:\Program Files\JetBrains\DataGrip 2021.2.2\bin;;C:\Program Files\PuTTY\putty key;C:\Users\Dmitry\AppData\Local\GitHubDesktop\bin
USERNAME=Dmitry
OS=Windows_NT
PROCESSOR_IDENTIFIER=AMD64 Family 23 Model 104 Stepping 1, AuthenticAMD



---------------  S Y S T E M  ---------------

OS:
 Windows 10 , 64 bit Build 19041 (10.0.19041.1202)
OS uptime: 3 days 4:55 hours

CPU: total 12 (initial active 12) (12 cores per cpu, 2 threads per core) family 23 model 104 stepping 1 microcode 0x0, cx8, cmov, fxsr, ht, mmx, 3dnowpref, sse, sse2, sse3, ssse3, sse4a, sse4.1, sse4.2, popcnt, lzcnt, tsc, tscinvbit, avx, avx2, aes, clmul, bmi1, bmi2, adx, sha, fma, vzeroupper, clflush, clflushopt

Memory: 4k page, system-wide physical 15706M (2357M free)
TotalPageFile size 15706M (AvailPageFile size 112M)
current process WorkingSet (physical memory assigned to process): 10M, peak: 10M
current process commit charge ("private bytes"): 64M, peak: 310M

vm_info: Java HotSpot(TM) 64-Bit Server VM (17.0.1+12-LTS-39) for windows-amd64 JRE (17.0.1+12-LTS-39), built on Sep 27 2021 18:41:35 by "mach5one" with MS VC++ 16.8 (VS2019)

END.
